# JRE version: Java(TM) SE Runtime Environment (8.0_05-b13) (build 1.8.0_05-b13)
# Java VM: Java HotSpot(TM) 64-Bit Server VM (25.5-b02 mixed mode bsd-amd64 compressed oops)
Heap:
 PSYoungGen      total 3072K, used 1763K [0x000000016cf80000, 0x000000016d380000, 0x0000000197a00000)
  eden space 2048K, 50% used [0x000000016cf80000,0x000000016d084db8,0x000000016d180000)
  from space 1024K, 70% used [0x000000016d280000,0x000000016d334010,0x000000016d380000)
  to   space 1024K, 0% used [0x000000016d180000,0x000000016d180000,0x000000016d280000)
 ParOldGen       total 129536K, used 473K [0x0000000117a00000, 0x000000011f880000, 0x000000016cf80000)
  object space 129536K, 0% used [0x0000000117a00000,0x0000000117a76580,0x000000011f880000)
 Metaspace       used 4170K, capacity 5088K, committed 5248K, reserved 1056768K
  class space    used 486K, capacity 528K, committed 640K, reserved 1048576K
GC Heap History (10 events):
Event: 0.164 GC heap before
{Heap before GC invocations=2 (full 0):
 PSYoungGen      total 1024K, used 871K [0x000000016cf80000, 0x000000016d100000, 0x0000000197a00000)
  eden space 512K, 98% used [0x000000016cf80000,0x000000016cffdf88,0x000000016d000000)
  from space 512K, 71% used [0x000000016d000000,0x000000016d05c010,0x000000016d080000)
  to   space 512K, 0% used [0x000000016d080000,0x000000016d080000,0x000000016d100000)
 ParOldGen       total 129536K, used 0K [0x0000000117a00000, 0x000000011f880000, 0x000000016cf80000)
  object space 129536K, 0% used [0x0000000117a00000,0x0000000117a00000,0x000000011f880000)
 Metaspace       used 2660K, capacity 4480K, committed 4480K, reserved 1056768K
  class space    used 286K, capacity 384K, committed 384K, reserved 1048576K
Event: 0.166 GC heap after
Heap after GC invocations=2 (full 0):
 PSYoungGen      total 1024K, used 496K [0x000000016cf80000, 0x000000016d180000, 0x0000000197a00000)
  eden space 512K, 0% used [0x000000016cf80000,0x000000016cf80000,0x000000016d000000)
  from space 512K, 96% used [0x000000016d080000,0x000000016d0fc010,0x000000016d100000)
  to   space 512K, 0% used [0x000000016d000000,0x000000016d000000,0x000000016d080000)
 ParOldGen       total 129536K, used 32K [0x0000000117a00000, 0x000000011f880000, 0x000000016cf80000)
  object space 129536K, 0% used [0x0000000117a00000,0x0000000117a08000,0x000000011f880000)
 Metaspace       used 2660K, capacity 4480K, committed 4480K, reserved 1056768K
  class space    used 286K, capacity 384K, committed 384K, reserved 1048576K
}
Event: 0.208 GC heap before
{Heap before GC invocations=3 (full 0):
 PSYoungGen      total 1024K, used 1008K [0x000000016cf80000, 0x000000016d180000, 0x0000000197a00000)
  eden space 512K, 100% used [0x000000016cf80000,0x000000016d000000,0x000000016d000000)
  from space 512K, 96% used [0x000000016d080000,0x000000016d0fc010,0x000000016d100000)
  to   space 512K, 0% used [0x000000016d000000,0x000000016d000000,0x000000016d080000)
 ParOldGen       total 129536K, used 32K [0x0000000117a00000, 0x000000011f880000, 0x000000016cf80000)
  object space 129536K, 0% used [0x0000000117a00000,0x0000000117a08000,0x000000011f880000)
 Metaspace       used 2927K, capacity 4566K, committed 4864K, reserved 1056768K
  class space    used 314K, capacity 390K, committed 512K, reserved 1048576K
Event: 0.210 GC heap after
Heap after GC invocations=3 (full 0):
 PSYoungGen      total 1024K, used 480K [0x000000016cf80000, 0x000000016d180000, 0x0000000197a00000)
  eden space 512K, 0% used [0x000000016cf80000,0x000000016cf80000,0x000000016d000000)
  from space 512K, 93% used [0x000000016d000000,0x000000016d078020,0x000000016d080000)
  to   space 512K, 0% used [0x000000016d100000,0x000000016d100000,0x000000016d180000)
 ParOldGen       total 129536K, used 172K [0x0000000117a00000, 0x000000011f880000, 0x000000016cf80000)
  object space 129536K, 0% used [0x0000000117a00000,0x0000000117a2b270,0x000000011f880000)
 Metaspace       used 2927K, capacity 4566K, committed 4864K, reserved 1056768K
  class space    used 314K, capacity 390K, committed 512K, reserved 1048576K
}
Event: 0.238 GC heap before
{Heap before GC invocations=4 (full 0):
 PSYoungGen      total 1024K, used 992K [0x000000016cf80000, 0x000000016d180000, 0x0000000197a00000)
  eden space 512K, 100% used [0x000000016cf80000,0x000000016d000000,0x000000016d000000)
  from space 512K, 93% used [0x000000016d000000,0x000000016d078020,0x000000016d080000)
  to   space 512K, 0% used [0x000000016d100000,0x000000016d100000,0x000000016d180000)
 ParOldGen       total 129536K, used 172K [0x0000000117a00000, 0x000000011f880000, 0x000000016cf80000)
  object space 129536K, 0% used [0x0000000117a00000,0x0000000117a2b270,0x000000011f880000)
 Metaspace       used 3054K, capacity 4664K, committed 4864K, reserved 1056768K
  class space    used 327K, capacity 424K, committed 512K, reserved 1048576K
Event: 0.241 GC heap after
Heap after GC invocations=4 (full 0):
 PSYoungGen      total 1536K, used 480K [0x000000016cf80000, 0x000000016d180000, 0x0000000197a00000)
  eden space 1024K, 0% used [0x000000016cf80000,0x000000016cf80000,0x000000016d080000)
  from space 512K, 93% used [0x000000016d100000,0x000000016d178020,0x000000016d180000)
  to   space 512K, 0% used [0x000000016d080000,0x000000016d080000,0x000000016d100000)
 ParOldGen       total 129536K, used 276K [0x0000000117a00000, 0x000000011f880000, 0x000000016cf80000)
  object space 129536K, 0% used [0x0000000117a00000,0x0000000117a45328,0x000000011f880000)
 Metaspace       used 3054K, capacity 4664K, committed 4864K, reserved 1056768K
  class space    used 327K, capacity 424K, committed 512K, reserved 1048576K
}
Event: 0.351 GC heap before
{Heap before GC invocations=5 (full 0):
 PSYoungGen      total 1536K, used 1503K [0x000000016cf80000, 0x000000016d180000, 0x0000000197a00000)
  eden space 1024K, 99% used [0x000000016cf80000,0x000000016d07ff70,0x000000016d080000)
  from space 512K, 93% used [0x000000016d100000,0x000000016d178020,0x000000016d180000)
  to   space 512K, 0% used [0x000000016d080000,0x000000016d080000,0x000000016d100000)
 ParOldGen       total 129536K, used 276K [0x0000000117a00000, 0x000000011f880000, 0x000000016cf80000)
  object space 129536K, 0% used [0x0000000117a00000,0x0000000117a45328,0x000000011f880000)
 Metaspace       used 3769K, capacity 4768K, committed 4864K, reserved 1056768K
  class space    used 429K, capacity 464K, committed 512K, reserved 1048576K
Event: 0.352 GC heap after
Heap after GC invocations=5 (full 0):
 PSYoungGen      total 1536K, used 480K [0x000000016cf80000, 0x000000016d380000, 0x0000000197a00000)
  eden space 1024K, 0% used [0x000000016cf80000,0x000000016cf80000,0x000000016d080000)
  from space 512K, 93% used [0x000000016d080000,0x000000016d0f8020,0x000000016d100000)
  to   space 1024K, 0% used [0x000000016d280000,0x000000016d280000,0x000000016d380000)
 ParOldGen       total 129536K, used 465K [0x0000000117a00000, 0x000000011f880000, 0x000000016cf80000)
  object space 129536K, 0% used [0x0000000117a00000,0x0000000117a74580,0x000000011f880000)
 Metaspace       used 3769K, capacity 4768K, committed 4864K, reserved 1056768K
  class space    used 429K, capacity 464K, committed 512K, reserved 1048576K
}
Event: 0.388 GC heap before
{Heap before GC invocations=6 (full 0):
 PSYoungGen      total 1536K, used 1504K [0x000000016cf80000, 0x000000016d380000, 0x0000000197a00000)
  eden space 1024K, 100% used [0x000000016cf80000,0x000000016d080000,0x000000016d080000)
  from space 512K, 93% used [0x000000016d080000,0x000000016d0f8020,0x000000016d100000)
  to   space 1024K, 0% used [0x000000016d280000,0x000000016d280000,0x000000016d380000)
 ParOldGen       total 129536K, used 465K [0x0000000117a00000, 0x000000011f880000, 0x000000016cf80000)
  object space 129536K, 0% used [0x0000000117a00000,0x0000000117a74580,0x000000011f880000)
 Metaspace       used 3902K, capacity 4864K, committed 5120K, reserved 1056768K
  class space    used 450K, capacity 496K, committed 512K, reserved 1048576K
Event: 0.390 GC heap after
Heap after GC invocations=6 (full 0):
 PSYoungGen      total 3072K, used 720K [0x000000016cf80000, 0x000000016d380000, 0x0000000197a00000)
  eden space 2048K, 0% used [0x000000016cf80000,0x000000016cf80000,0x000000016d180000)
  from space 1024K, 70% used [0x000000016d280000,0x000000016d334010,0x000000016d380000)
  to   space 1024K, 0% used [0x000000016d180000,0x000000016d180000,0x000000016d280000)
 ParOldGen       total 129536K, used 473K [0x0000000117a00000, 0x000000011f880000, 0x000000016cf80000)
  object space 129536K, 0% used [0x0000000117a00000,0x0000000117a76580,0x000000011f880000)
 Metaspace       used 3902K, capacity 4864K, committed 5120K, reserved 1056768K
  class space    used 450K, capacity 496K, committed 512K, reserved 1048576K
}

